[2024-04-17T23:56:31.232+0000] {taskinstance.py:1979} INFO - Dependencies all met for dep_context=non-requeueable deps ti=<TaskInstance: Units_statistics_DAG.login_parent manual__2024-04-17T23:53:22.766408+00:00 [queued]>
[2024-04-17T23:56:31.244+0000] {taskinstance.py:1979} INFO - Dependencies all met for dep_context=requeueable deps ti=<TaskInstance: Units_statistics_DAG.login_parent manual__2024-04-17T23:53:22.766408+00:00 [queued]>
[2024-04-17T23:56:31.244+0000] {taskinstance.py:2193} INFO - Starting attempt 4 of 4
[2024-04-17T23:56:31.263+0000] {taskinstance.py:2217} INFO - Executing <Task(_PythonDecoratedOperator): login_parent> on 2024-04-17 23:53:22.766408+00:00
[2024-04-17T23:56:31.270+0000] {standard_task_runner.py:60} INFO - Started process 364476 to run task
[2024-04-17T23:56:31.280+0000] {standard_task_runner.py:87} INFO - Running: ['***', 'tasks', 'run', 'Units_statistics_DAG', 'login_parent', 'manual__2024-04-17T23:53:22.766408+00:00', '--job-id', '4977', '--raw', '--subdir', 'DAGS_FOLDER/Units_dag.py', '--cfg-path', '/tmp/tmp9jajkm2_']
[2024-04-17T23:56:31.282+0000] {standard_task_runner.py:88} INFO - Job 4977: Subtask login_parent
[2024-04-17T23:56:31.364+0000] {task_command.py:423} INFO - Running <TaskInstance: Units_statistics_DAG.login_parent manual__2024-04-17T23:53:22.766408+00:00 [running]> on host a09da322e808
[2024-04-17T23:56:31.514+0000] {taskinstance.py:2513} INFO - Exporting env vars: AIRFLOW_CTX_DAG_OWNER='abeer-araby' AIRFLOW_CTX_DAG_ID='Units_statistics_DAG' AIRFLOW_CTX_TASK_ID='login_parent' AIRFLOW_CTX_EXECUTION_DATE='2024-04-17T23:53:22.766408+00:00' AIRFLOW_CTX_TRY_NUMBER='4' AIRFLOW_CTX_DAG_RUN_ID='manual__2024-04-17T23:53:22.766408+00:00'
[2024-04-17T23:56:32.089+0000] {taskinstance.py:2731} ERROR - Task failed with exception
Traceback (most recent call last):
  File "/home/airflow/.local/lib/python3.8/site-packages/airflow/models/taskinstance.py", line 444, in _execute_task
    result = _execute_callable(context=context, **execute_callable_kwargs)
  File "/home/airflow/.local/lib/python3.8/site-packages/airflow/models/taskinstance.py", line 414, in _execute_callable
    return execute_callable(context=context, **execute_callable_kwargs)
  File "/home/airflow/.local/lib/python3.8/site-packages/airflow/decorators/base.py", line 241, in execute
    return_value = super().execute(context)
  File "/home/airflow/.local/lib/python3.8/site-packages/airflow/operators/python.py", line 200, in execute
    return_value = self.execute_callable()
  File "/home/airflow/.local/lib/python3.8/site-packages/airflow/operators/python.py", line 217, in execute_callable
    return self.python_callable(*self.op_args, **self.op_kwargs)
  File "/opt/airflow/dags/Units_dag.py", line 45, in login_parent
    ti.xcom_push(key='parent_token_1', value=response.json()['data']['token'],task_ids=['login_parent'])
  File "/home/airflow/.local/lib/python3.8/site-packages/airflow/utils/session.py", line 79, in wrapper
    return func(*args, session=session, **kwargs)
TypeError: xcom_push() got an unexpected keyword argument 'task_ids'
[2024-04-17T23:56:32.111+0000] {taskinstance.py:1149} INFO - Marking task as FAILED. dag_id=Units_statistics_DAG, task_id=login_parent, execution_date=20240417T235322, start_date=20240417T235631, end_date=20240417T235632
[2024-04-17T23:56:32.134+0000] {standard_task_runner.py:107} ERROR - Failed to execute job 4977 for task login_parent (xcom_push() got an unexpected keyword argument 'task_ids'; 364476)
[2024-04-17T23:56:32.174+0000] {local_task_job_runner.py:234} INFO - Task exited with return code 1
[2024-04-17T23:56:32.230+0000] {taskinstance.py:3312} INFO - 0 downstream tasks scheduled from follow-on schedule check
